Sat Feb 19 13:47:11 2011: ------------------
Sat Feb 19 13:47:11 2011: Controller activated. Version 1.9.7 (0+abe89b2344f88c71eab020d5e39e8bddc31f4d6
0) built on Sat Feb 19 13:44:35 2011
Sat Feb 19 13:47:11 2011: Loading settings from "/home/rgareus/.config/jack/conf.xml" using expat_2.0.1 
...
Sat Feb 19 13:47:11 2011: setting engine option "driver" to value "alsa"
Sat Feb 19 13:47:11 2011: driver "alsa" selected
Sat Feb 19 13:47:11 2011: setting engine option "realtime" to value "true"
Sat Feb 19 13:47:11 2011: setting engine option "realtime-priority" to value "70"
Sat Feb 19 13:47:11 2011: setting engine option "sync" to value "true"
Sat Feb 19 13:47:11 2011: setting for driver "firewire" found
Sat Feb 19 13:47:11 2011: setting for driver "netone" found
Sat Feb 19 13:47:11 2011: setting for driver "loopback" found
Sat Feb 19 13:47:11 2011: setting for driver "alsa" found
Sat Feb 19 13:47:11 2011: setting driver option "device" to value "hw:2"
Sat Feb 19 13:47:11 2011: setting driver option "rate" to value "48000"
Sat Feb 19 13:47:11 2011: setting driver option "period" to value "1024"
Sat Feb 19 13:47:11 2011: setting driver option "nperiods" to value "3"
Sat Feb 19 13:47:11 2011: setting for driver "net" found
Sat Feb 19 13:47:11 2011: setting for driver "dummy" found
Sat Feb 19 13:47:11 2011: setting for internal "netadapter" found
Sat Feb 19 13:47:11 2011: setting for internal "audioadapter" found
Sat Feb 19 13:47:11 2011: setting for internal "profiler" found
Sat Feb 19 13:47:11 2011: setting for internal "netmanager" found
Sat Feb 19 13:47:11 2011: Listening for D-Bus messages
Sat Feb 19 13:47:11 2011: driver "alsa" selected
Sat Feb 19 13:47:11 2011: Saving settings to "/home/rgareus/.config/jack/conf.xml" ...
Sat Feb 19 13:47:11 2011: Saving settings to "/home/rgareus/.config/jack/conf.xml" ...
Sat Feb 19 13:47:11 2011: Saving settings to "/home/rgareus/.config/jack/conf.xml" ...
Sat Feb 19 13:47:11 2011: Saving settings to "/home/rgareus/.config/jack/conf.xml" ...
Sat Feb 19 13:47:11 2011: Starting jack server...
Sat Feb 19 13:47:11 2011: JACK server starting in realtime mode with priority 70
Sat Feb 19 13:47:11 2011: control device hw:2
Sat Feb 19 13:47:11 2011: control device hw:2
Sat Feb 19 13:47:11 2011: Acquired audio card Audio2
Sat Feb 19 13:47:11 2011: creating alsa driver ... hw:2|hw:2|1024|3|48000|0|0|nomon|swmeter|-|32bit
Sat Feb 19 13:47:11 2011: control device hw:2
Sat Feb 19 13:47:11 2011: Using ALSA driver USB-Audio running on card 2 - EDIROL UA-25 at usb-0000:00:1d
.2-1, full speed
Sat Feb 19 13:47:11 2011: configuring for 48000Hz, period = 1024 frames (21.3 ms), buffer = 3 periods
Sat Feb 19 13:47:11 2011: ALSA: final selected sample format for capture: 24bit little-endian
Sat Feb 19 13:47:11 2011: ALSA: use 3 periods for capture
Sat Feb 19 13:47:11 2011: ALSA: final selected sample format for playback: 24bit little-endian
Sat Feb 19 13:47:11 2011: ALSA: use 3 periods for playback
Sat Feb 19 13:47:12 2011: graph reorder: new port 'system:capture_1'
Sat Feb 19 13:47:12 2011: New client 'system' with PID 0
Sat Feb 19 13:47:12 2011: graph reorder: new port 'system:capture_2'
Sat Feb 19 13:47:12 2011: graph reorder: new port 'system:playback_1'
Sat Feb 19 13:47:12 2011: graph reorder: new port 'system:playback_2'
Sat Feb 19 13:47:12 2011: New client 'lsp' with PID 12723
Sat Feb 19 13:47:12 2011: Client 'lsp' with PID 12723 is out
Sat Feb 19 13:47:12 2011: Client 'system' with PID 0 is out
Sat Feb 19 13:47:12 2011: control device hw:2
Sat Feb 19 13:47:12 2011: Released audio card Audio2
Sat Feb 19 13:47:12 2011: control device hw:2
Sat Feb 19 13:47:12 2011: New client 'system' with PID 0
Sat Feb 19 13:47:12 2011: control device hw:2
Sat Feb 19 13:47:12 2011: control device hw:2
Sat Feb 19 13:47:12 2011: Acquired audio card Audio2
Sat Feb 19 13:47:12 2011: creating alsa driver ... hw:2|hw:2|1024|3|48000|0|0|nomon|swmeter|-|32bit
Sat Feb 19 13:47:12 2011: control device hw:2
Sat Feb 19 13:47:12 2011: Using ALSA driver USB-Audio running on card 2 - EDIROL UA-25 at usb-0000:00:1d
.2-1, full speed
Sat Feb 19 13:47:12 2011: configuring for 48000Hz, period = 1024 frames (21.3 ms), buffer = 3 periods
Sat Feb 19 13:47:12 2011: ALSA: final selected sample format for capture: 24bit little-endian
Sat Feb 19 13:47:12 2011: ALSA: use 3 periods for capture
Sat Feb 19 13:47:12 2011: ALSA: final selected sample format for playback: 24bit little-endian
Sat Feb 19 13:47:12 2011: ALSA: use 3 periods for playback
Sat Feb 19 13:47:16 2011: New client 'MPlayer [12730]' with PID 12730
Sat Feb 19 13:47:16 2011: ERROR: Failed to find port 'system:playback_1' to [dis]connect
Sat Feb 19 13:47:16 2011: ERROR: Failed to find port 'system:playback_2' to [dis]connect
Sat Feb 19 13:47:25 2011: New client 'qjackctl' with PID 12734
Sat Feb 19 13:47:32 2011: New client 'LASH_Server' with PID 12740
Sat Feb 19 13:47:33 2011: New client 'jack_rack_12738' with PID 12738
Sat Feb 19 13:47:54 2011: Connecting 'MPlayer [12730]:out_0' to 'jack_rack_12738:in_1'
Sat Feb 19 13:47:54 2011: Connecting 'MPlayer [12730]:out_1' to 'jack_rack_12738:in_2'

################   UNPLUG AUDIO INTERFACE

Sat Feb 19 13:48:31 2011: ERROR: **** alsa_pcm: xrun of at least 0.045 msecs
Sat Feb 19 13:48:31 2011: ERROR: **** alsa_pcm: xrun of at least 0.037 msecs
Sat Feb 19 13:48:31 2011: ERROR: ALSA: prepare error for playback on "hw:2" (File descriptor in bad state)
Sat Feb 19 13:48:31 2011: ERROR: JackAudioDriver::ProcessSync: read error, stopping...

################# set config to use internal card `jack_control dps device,period,..`

Sat Feb 19 13:48:37 2011: driver "alsa" selected
Sat Feb 19 13:48:37 2011: Saving settings to "/home/rgareus/.config/jack/conf.xml" ...
Sat Feb 19 13:48:37 2011: Saving settings to "/home/rgareus/.config/jack/conf.xml" ...
Sat Feb 19 13:48:37 2011: Saving settings to "/home/rgareus/.config/jack/conf.xml" ...
Sat Feb 19 13:48:37 2011: Saving settings to "/home/rgareus/.config/jack/conf.xml" ...

################# try to query current connections..  and call switch-master

Sat Feb 19 13:48:42 2011: ERROR: JackProcessSync::LockedTimedWait error usec = 5000000 err = Connection timed out
Sat Feb 19 13:48:42 2011: ERROR: Driver is not running
Sat Feb 19 13:48:42 2011: ERROR: Cannot create new client
Sat Feb 19 13:48:42 2011: ERROR: ALSA: channel flush for playback failed (No such device)
Sat Feb 19 13:48:42 2011: ERROR: Cannot stop driver
Sat Feb 19 13:48:42 2011: Client 'system' with PID 0 is out
Sat Feb 19 13:48:42 2011: control device hw:2
Sat Feb 19 13:48:42 2011: ERROR: control open "hw:2" (No such file or directory)
Sat Feb 19 13:48:42 2011: control device hw:2
Sat Feb 19 13:48:42 2011: ERROR: control open "hw:2" (No such file or directory)
Sat Feb 19 13:48:42 2011: New client 'system' with PID 0
Sat Feb 19 13:48:42 2011: control device hw:0
Sat Feb 19 13:48:42 2011: control device hw:0
Sat Feb 19 13:48:42 2011: Acquired audio card Audio0
Sat Feb 19 13:48:42 2011: creating alsa driver ... hw:0|hw:0|1024|3|48000|0|0|nomon|swmeter|-|32bit
Sat Feb 19 13:48:42 2011: control device hw:0
Sat Feb 19 13:48:42 2011: Using ALSA driver HDA-Intel running on card 0 - HDA Intel at 0xee240000 irq 30
Sat Feb 19 13:48:42 2011: configuring for 48000Hz, period = 1024 frames (21.3 ms), buffer = 3 periods
Sat Feb 19 13:48:42 2011: ALSA: final selected sample format for capture: 32bit integer little-endian
Sat Feb 19 13:48:42 2011: ALSA: use 3 periods for capture
Sat Feb 19 13:48:42 2011: ALSA: final selected sample format for playback: 16bit little-endian
Sat Feb 19 13:48:42 2011: ALSA: use 3 periods for playback
Sat Feb 19 13:48:46 2011: New client 'lsp' with PID 12806
Sat Feb 19 13:48:46 2011: Client 'lsp' with PID 12806 is out
Sat Feb 19 13:48:48 2011: New client 'lsp' with PID 12809
Sat Feb 19 13:48:48 2011: Client 'lsp' with PID 12809 is out
Sat Feb 19 13:51:04 2011: Disconnecting 'MPlayer [12730]:out_0' from 'jack_rack_12738:in_1'
Sat Feb 19 13:51:04 2011: Disconnecting 'MPlayer [12730]:out_1' from 'jack_rack_12738:in_2'
Sat Feb 19 13:51:04 2011: Client 'MPlayer [12730]' with PID 12730 is out
